<?xml version="1.0" encoding="UTF-8"?>
<!-- Generated by org.testng.reporters.JUnitXMLReporter -->
<testsuite hostname="DESKTOP-KP9A07E" ignored="0" name="Test3" tests="1" failures="1" timestamp="07 Jun 2019 05:55:56 GMT" time="7.757" errors="0">
  <testcase name="incorrectpassword" time="7.752" classname="LoginTestCase.WrongPassword">
    <failure type="java.lang.IllegalArgumentException" message="Keys to send should be a not null CharSequence">
      <![CDATA[java.lang.IllegalArgumentException: Keys to send should be a not null CharSequence
at org.openqa.selenium.remote.RemoteWebElement.sendKeys(RemoteWebElement.java:93)
at LoginTestCase.WrongPassword.incorrectpassword(WrongPassword.java:22)
... Removed 25 stack frames]]>
    </failure>
  </testcase> <!-- incorrectpassword -->
</testsuite> <!-- Test3 -->
