<?xml version="1.0" encoding="UTF-8"?>
<!-- Generated by org.testng.reporters.JUnitXMLReporter -->
<testsuite hostname="DESKTOP-KP9A07E" ignored="0" name="Test2" tests="1" failures="1" timestamp="07 Jun 2019 05:55:48 GMT" time="3.484" errors="0">
  <testcase name="bothwrong" time="3.48" classname="LoginTestCase.BothIncorrect">
    <failure type="java.lang.IllegalArgumentException" message="Keys to send should be a not null CharSequence">
      <![CDATA[java.lang.IllegalArgumentException: Keys to send should be a not null CharSequence
at org.openqa.selenium.remote.RemoteWebElement.sendKeys(RemoteWebElement.java:93)
at LoginTestCase.BothIncorrect.bothwrong(BothIncorrect.java:25)
... Removed 25 stack frames]]>
    </failure>
  </testcase> <!-- bothwrong -->
</testsuite> <!-- Test2 -->
